<?xml version="1.0" encoding="UTF-8"?>
<!-- Generated by org.testng.reporters.JUnitXMLReporter -->
<testsuite ignored="1" hostname="LAPTOP-6UMN53Q2" failures="1" tests="2" name="Error Validations Test" time="13.507" errors="0" timestamp="2024-09-09T13:53:45 IST">
  <testcase classname="rahulshettyacademy.Tests.ErrorValidationsTest" name="ValidationLoginError" time="0.847">
    <skipped/>
  </testcase> <!-- ValidationLoginError -->
  <testcase classname="rahulshettyacademy.Tests.ErrorValidationsTest" name="ValidationLoginError" time="0.819">
    <failure type="java.lang.AssertionError" message="expected [Incorrect email or password.] but found [Incorrect email or password]">
      <![CDATA[java.lang.AssertionError: expected [Incorrect email or password.] but found [Incorrect email or password]
at rahulshettyacademy.Tests.ErrorValidationsTest.ValidationLoginError(ErrorValidationsTest.java:32)
at java.base/java.util.ArrayList.forEach(ArrayList.java:1596)
... Removed 31 stack frames]]>
    </failure>
  </testcase> <!-- ValidationLoginError -->
  <testcase classname="rahulshettyacademy.Tests.ErrorValidationsTest" name="ValidationProductError" time="0.0">
    <ignored/>
  </testcase> <!-- ValidationProductError -->
</testsuite> <!-- Error Validations Test -->
