<?xml version="1.0" encoding="UTF-8"?>
<!-- Generated by org.testng.reporters.JUnitXMLReporter -->
<testsuite ignored="2" hostname="LAPTOP-6UMN53Q2" failures="0" tests="0" time="0.002" errors="0" timestamp="2024-09-09T13:53:45 IST">
  <testcase classname="rahulshettyacademy.Tests.SubmitOrderTest" name="OrderHistoryTest" time="0.0">
    <ignored/>
  </testcase> <!-- OrderHistoryTest -->
  <testcase classname="rahulshettyacademy.Tests.SubmitOrderTest" name="submitOrderTest" time="0.0">
    <ignored/>
  </testcase> <!-- submitOrderTest -->
</testsuite>
