<?xml version="1.0" encoding="UTF-8"?>
<!-- Generated by org.testng.reporters.JUnitXMLReporter -->
<testsuite ignored="0" hostname="LAPTOP-6UMN53Q2" failures="1" tests="6" name="Surefire test" time="195.741" errors="0" timestamp="2024-09-09T14:03:06 IST">
  <testcase classname="rahulshettyacademy.Tests.ErrorValidationsTest" name="ValidationLoginError" time="4.138">
    <skipped/>
  </testcase> <!-- ValidationLoginError -->
  <testcase classname="rahulshettyacademy.Tests.ErrorValidationsTest" name="ValidationLoginError" time="4.089">
    <failure type="java.lang.AssertionError" message="expected [Incorrect email or password.] but found [Incorrect email or password]">
      <![CDATA[java.lang.AssertionError: expected [Incorrect email or password.] but found [Incorrect email or password]
at rahulshettyacademy.Tests.ErrorValidationsTest.ValidationLoginError(ErrorValidationsTest.java:32)
at java.base/java.util.ArrayList.forEach(ArrayList.java:1596)
... Removed 36 stack frames]]>
    </failure>
  </testcase> <!-- ValidationLoginError -->
  <testcase classname="rahulshettyacademy.Tests.ErrorValidationsTest" name="ValidationProductError" time="7.065"/>
  <testcase classname="rahulshettyacademy.Tests.SubmitOrderTest" name="submitOrderTest" time="14.383"/>
  <testcase classname="rahulshettyacademy.Tests.SubmitOrderTest" name="submitOrderTest" time="11.317"/>
  <testcase classname="rahulshettyacademy.Tests.SubmitOrderTest" name="OrderHistoryTest" time="1.355"/>
</testsuite> <!-- Surefire test -->
